<?xml version="1.0" encoding="UTF-8"?>
<!-- Generated by org.testng.reporters.JUnitXMLReporter -->
<testsuite ignored="1" hostname="DESKTOP-F4PMV4Q" failures="0" tests="1" name="Test1" time="15.038" errors="0" timestamp="23 Jan 2022 03:19:57 GMT">
  <testcase classname="com.flipkart.stepdefinition.Amazon" name="amazonsearch" time="8.65"/>
  <testcase classname="com.flipkart.stepdefinition.MobilePurchase" name="screenShot" time="0.0">
    <ignored/>
  </testcase> <!-- screenShot -->
</testsuite> <!-- Test1 -->
