<?xml version="1.0" encoding="UTF-8"?>
<!-- Generated by org.testng.reporters.JUnitXMLReporter -->
<testsuite ignored="1" hostname="DESKTOP-F4PMV4Q" failures="0" tests="2" name="Test2" time="9.356" errors="0" timestamp="23 Jan 2022 03:16:12 GMT">
  <testcase classname="com.flipkart.stepdefinition.MobilePurchase" name="loginValidation" time="0.295"/>
  <testcase classname="com.flipkart.stepdefinition.TVPurchase" name="loginValidationTV" time="0.328"/>
  <testcase classname="com.flipkart.stepdefinition.MobilePurchase" name="screenShot" time="0.0">
    <ignored/>
  </testcase> <!-- screenShot -->
</testsuite> <!-- Test2 -->
