<?xml version="1.0" encoding="UTF-8"?>
<!-- Generated by org.testng.reporters.JUnitXMLReporter -->
<testsuite ignored="2" hostname="DESKTOP-F4PMV4Q" failures="0" tests="5" name="Test" time="19.188" errors="0" timestamp="23 Jan 2022 03:53:29 GMT">
  <testcase classname="com.flipkart.stepdefinition.MobilePurchase" name="loginValidation" time="0.325"/>
  <testcase classname="com.flipkart.stepdefinition.TVPurchase" name="loginValidationTV" time="0.562"/>
  <testcase classname="com.flipkart.stepdefinition.MobilePurchase" name="mobileSearch" time="3.734"/>
  <testcase classname="com.flipkart.stepdefinition.TVPurchase" name="tvSearch" time="2.443"/>
  <testcase classname="com.flipkart.stepdefinition.MobilePurchase" name="windowsHandling" time="2.028"/>
  <testcase classname="com.flipkart.stepdefinition.MobilePurchase" name="screenShot" time="0.0">
    <ignored/>
  </testcase> <!-- screenShot -->
  <testcase classname="com.flipkart.stepdefinition.MobilePurchase" name="buyNow" time="0.0">
    <ignored/>
  </testcase> <!-- buyNow -->
</testsuite> <!-- Test -->
